Using pre-set license
Built from '2020.3/staging' branch; Version is '2020.3.6f1 (338bb68529b2) revision 3378102'; Using compiler version '192528614'; Build Type 'Release'
OS: 'Windows 10 Home; OS build 18363.1440; Version 1909; 64bit' Language: 'en' Physical Memory: 15789 MB
BatchMode: 1, IsHumanControllingUs: 0, StartBugReporterOnCrash: 0, Is64bit: 1, IsPro: 0

 COMMAND LINE ARGUMENTS:
C:\Program Files\Unity\Hub\Editor\2020.3.6f1\Editor\Unity.exe
-adb2
-batchMode
-noUpm
-name
AssetImportWorker0
-projectPath
C:/Users/danie/derelict
-logFile
Logs/AssetImportWorker0.log
-srvPort
55014
Successfully changed project path to: C:/Users/danie/derelict
C:/Users/danie/derelict
Using Asset Import Pipeline V2.
Refreshing native plugins compatible for Editor in 33.55 ms, found 1 plugins.
Preloading 0 native plugins for Editor in 0.00 ms.
Initialize engine version: 2020.3.6f1 (338bb68529b2)
[Subsystems] Discovering subsystems at path C:/Program Files/Unity/Hub/Editor/2020.3.6f1/Editor/Data/Resources/UnitySubsystems
[Subsystems] Discovering subsystems at path C:/Users/danie/derelict/Assets
GfxDevice: creating device client; threaded=0
Direct3D:
    Version:  Direct3D 11.0 [level 11.1]
    Renderer: NVIDIA GeForce RTX 2060 (ID=0x1f15)
    Vendor:   
    VRAM:     5980 MB
    Driver:   27.21.14.6677
Initialize mono
Mono path[0] = 'C:/Program Files/Unity/Hub/Editor/2020.3.6f1/Editor/Data/Managed'
Mono path[1] = 'C:/Program Files/Unity/Hub/Editor/2020.3.6f1/Editor/Data/MonoBleedingEdge/lib/mono/unityjit'
Mono config path = 'C:/Program Files/Unity/Hub/Editor/2020.3.6f1/Editor/Data/MonoBleedingEdge/etc'
Using monoOptions --debugger-agent=transport=dt_socket,embedding=1,server=y,suspend=n,address=127.0.0.1:56108
Begin MonoManager ReloadAssembly
Registering precompiled unity dll's ...
Register platform support module: C:/Program Files/Unity/Hub/Editor/2020.3.6f1/Editor/Data/PlaybackEngines/WebGLSupport/UnityEditor.WebGL.Extensions.dll
Register platform support module: C:/Program Files/Unity/Hub/Editor/2020.3.6f1/Editor/Data/PlaybackEngines/WindowsStandaloneSupport/UnityEditor.WindowsStandalone.Extensions.dll
Registered in 0.002389 seconds.
Native extension for WindowsStandalone target not found
Native extension for WebGL target not found
Refreshing native plugins compatible for Editor in 33.68 ms, found 1 plugins.
Preloading 0 native plugins for Editor in 0.00 ms.
Mono: successfully reloaded assembly
- Completed reload, in  1.698 seconds
Platform modules already initialized, skipping
Registering precompiled user dll's ...
Registered in 0.001331 seconds.
Begin MonoManager ReloadAssembly
Native extension for WindowsStandalone target not found
Native extension for WebGL target not found
Refreshing native plugins compatible for Editor in 43.98 ms, found 1 plugins.
Preloading 0 native plugins for Editor in 0.00 ms.
Mono: successfully reloaded assembly
- Completed reload, in  0.854 seconds
Platform modules already initialized, skipping
========================================================================
Worker process is ready to serve import requests
Launched and connected shader compiler UnityShaderCompiler.exe after 0.07 seconds
Refreshing native plugins compatible for Editor in 0.46 ms, found 1 plugins.
Preloading 0 native plugins for Editor in 0.00 ms.
Unloading 1863 Unused Serialized files (Serialized files now loaded: 0)
System memory in use before: 88.8 MB.
System memory in use after: 88.9 MB.

Unloading 19 unused Assets to reduce memory usage. Loaded Objects now: 2312.
Total: 2.443500 ms (FindLiveObjects: 0.268400 ms CreateObjectMapping: 0.048500 ms MarkObjects: 2.052300 ms  DeleteObjects: 0.071900 ms)

========================================================================
Received Import Request.
  path: Assets/Palettes/Test Pallet.prefab
  artifactKey: Guid(40d6a295555290f4e9c3748deb69eab8) Importer(815301076,1909f56bfc062723c751e8b465ee728b)
Start importing Assets/Palettes/Test Pallet.prefab using Guid(40d6a295555290f4e9c3748deb69eab8) Importer(815301076,1909f56bfc062723c751e8b465ee728b)  -> (artifact id: '222e4776c622f721a5775d4de5abaee3') in 0.042633 seconds
  Import took 0.045850 seconds .

========================================================================
Received Import Request.
  Time since last request: 0.000383 seconds.
  path: Assets/Scripts
  artifactKey: Guid(4a64cde80df435142a8191fff314db55) Importer(815301076,1909f56bfc062723c751e8b465ee728b)
Start importing Assets/Scripts using Guid(4a64cde80df435142a8191fff314db55) Importer(815301076,1909f56bfc062723c751e8b465ee728b)  -> (artifact id: '4028ee0ec64749044c79345b248dec62') in 0.002806 seconds
  Import took 0.006351 seconds .

========================================================================
Received Prepare
Refreshing native plugins compatible for Editor in 2.55 ms, found 1 plugins.
Preloading 0 native plugins for Editor in 0.00 ms.
Unloading 6 Unused Serialized files (Serialized files now loaded: 0)
System memory in use before: 50.6 MB.
System memory in use after: 50.7 MB.

Unloading 5 unused Assets to reduce memory usage. Loaded Objects now: 2312.
Total: 2.703500 ms (FindLiveObjects: 0.250900 ms CreateObjectMapping: 0.081300 ms MarkObjects: 2.348100 ms  DeleteObjects: 0.021300 ms)

========================================================================
Received Import Request.
  Time since last request: 28.094628 seconds.
  path: Assets/Presets
  artifactKey: Guid(0f435d3e77bd506479801fb4acc41596) Importer(815301076,1909f56bfc062723c751e8b465ee728b)
Start importing Assets/Presets using Guid(0f435d3e77bd506479801fb4acc41596) Importer(815301076,1909f56bfc062723c751e8b465ee728b)  -> (artifact id: '32126679bebe6c22d737a850377edbab') in 0.003089 seconds
  Import took 0.006089 seconds .

========================================================================
Received Import Request.
  Time since last request: 18.800869 seconds.
  path: Assets
  artifactKey: Guid(00000000000000001000000000000000) Importer(815301076,1909f56bfc062723c751e8b465ee728b)
Start importing Assets using Guid(00000000000000001000000000000000) Importer(815301076,1909f56bfc062723c751e8b465ee728b)  -> (artifact id: '2c602d4445bd9e0e517b9a7c882a2249') in 0.002428 seconds
  Import took 0.005210 seconds .

========================================================================
Received Import Request.
  Time since last request: 6.255476 seconds.
  path: Assets/GameObjects
  artifactKey: Guid(e8415a78933997342847d35d23716725) Importer(815301076,1909f56bfc062723c751e8b465ee728b)
Start importing Assets/GameObjects using Guid(e8415a78933997342847d35d23716725) Importer(815301076,1909f56bfc062723c751e8b465ee728b)  -> (artifact id: '0edac03f8ace701a9e57e9badcb71338') in 0.003778 seconds
  Import took 0.006627 seconds .

========================================================================
Received Import Request.
  Time since last request: 17.651565 seconds.
  path: Assets/Scripts/ObjectCreator
  artifactKey: Guid(692e4a942cc1e5d4f9e5ec3fcdf5d27d) Importer(815301076,1909f56bfc062723c751e8b465ee728b)
Start importing Assets/Scripts/ObjectCreator using Guid(692e4a942cc1e5d4f9e5ec3fcdf5d27d) Importer(815301076,1909f56bfc062723c751e8b465ee728b)  -> (artifact id: 'd11fdd90154c0b5592293893f2298d56') in 0.003828 seconds
  Import took 0.006657 seconds .

========================================================================
Received Import Request.
  Time since last request: 102.145817 seconds.
  path: Assets/GameObjects/DEBUG
  artifactKey: Guid(7e8b632758f31854385efca6770432fe) Importer(815301076,1909f56bfc062723c751e8b465ee728b)
Start importing Assets/GameObjects/DEBUG using Guid(7e8b632758f31854385efca6770432fe) Importer(815301076,1909f56bfc062723c751e8b465ee728b)  -> (artifact id: 'c6ad73e78bf09005cfe21d52233844e1') in 0.002607 seconds
  Import took 0.007446 seconds .

========================================================================
Received Import Request.
  Time since last request: 1.951754 seconds.
  path: Assets/GameObjects/DEBUG/Grid.prefab
  artifactKey: Guid(c2364097d2f63a143a6a857b4af48b7b) Importer(815301076,1909f56bfc062723c751e8b465ee728b)
Start importing Assets/GameObjects/DEBUG/Grid.prefab using Guid(c2364097d2f63a143a6a857b4af48b7b) Importer(815301076,1909f56bfc062723c751e8b465ee728b)  -> (artifact id: 'f15fd3131bf113da212bf64e0f338ace') in 0.009102 seconds
  Import took 0.012657 seconds .

========================================================================
Received Import Request.
  Time since last request: 55.308982 seconds.
  path: Assets/Scenes
  artifactKey: Guid(659791980ed91f84cbc55495e5186244) Importer(815301076,1909f56bfc062723c751e8b465ee728b)
Start importing Assets/Scenes using Guid(659791980ed91f84cbc55495e5186244) Importer(815301076,1909f56bfc062723c751e8b465ee728b)  -> (artifact id: 'e5e233ef8919fa781ee76d0af7600eb9') in 0.003128 seconds
  Import took 0.006554 seconds .

========================================================================
Received Import Request.
  Time since last request: 8.760710 seconds.
  path: Assets/Scripts/GameObject
  artifactKey: Guid(b67efb6ee268f6044948ee80bc37cbac) Importer(815301076,1909f56bfc062723c751e8b465ee728b)
Start importing Assets/Scripts/GameObject using Guid(b67efb6ee268f6044948ee80bc37cbac) Importer(815301076,1909f56bfc062723c751e8b465ee728b)  -> (artifact id: '35ae34ed2e640f83a3d416b3e593244e') in 0.002773 seconds
  Import took 0.005419 seconds .

========================================================================
Received Import Request.
  Time since last request: 7.697915 seconds.
  path: Assets/Scripts/GameObject/TilePosition.cs
  artifactKey: Guid(f5171f2ad5a3c4e478b2285887200dd1) Importer(815301076,1909f56bfc062723c751e8b465ee728b)
Start importing Assets/Scripts/GameObject/TilePosition.cs using Guid(f5171f2ad5a3c4e478b2285887200dd1) Importer(815301076,1909f56bfc062723c751e8b465ee728b)  -> (artifact id: '74ea9a22e14d1c843588198f92751e45') in 0.017629 seconds
  Import took 0.020454 seconds .

========================================================================
Received Prepare
Registering precompiled user dll's ...
Registered in 0.001825 seconds.
Begin MonoManager ReloadAssembly
Native extension for WindowsStandalone target not found
Native extension for WebGL target not found
Refreshing native plugins compatible for Editor in 0.49 ms, found 1 plugins.
Preloading 0 native plugins for Editor in 0.00 ms.
Mono: successfully reloaded assembly
- Completed reload, in  1.268 seconds
Platform modules already initialized, skipping
Refreshing native plugins compatible for Editor in 0.43 ms, found 1 plugins.
Preloading 0 native plugins for Editor in 0.00 ms.
Unloading 1841 Unused Serialized files (Serialized files now loaded: 0)
System memory in use before: 87.0 MB.
System memory in use after: 87.1 MB.

Unloading 8 unused Assets to reduce memory usage. Loaded Objects now: 2316.
Total: 2.138800 ms (FindLiveObjects: 0.295000 ms CreateObjectMapping: 0.045600 ms MarkObjects: 1.777500 ms  DeleteObjects: 0.018300 ms)

========================================================================
Received Import Request.
  Time since last request: 411.868678 seconds.
  path: Assets/Art/GameObjects
  artifactKey: Guid(a2f5ec6f897b05f4d9978fa42a76d6e8) Importer(815301076,1909f56bfc062723c751e8b465ee728b)
Start importing Assets/Art/GameObjects using Guid(a2f5ec6f897b05f4d9978fa42a76d6e8) Importer(815301076,1909f56bfc062723c751e8b465ee728b)  -> (artifact id: '49374612477c57035abd9a83fcf0433e') in 0.005725 seconds
  Import took 0.008783 seconds .

========================================================================
Received Import Request.
  Time since last request: 26.918598 seconds.
  path: Assets/Art/GameObjects/player.png
  artifactKey: Guid(0e135a99c6ef7b146a803c2457c98a7e) Importer(815301076,1909f56bfc062723c751e8b465ee728b)
Start importing Assets/Art/GameObjects/player.png using Guid(0e135a99c6ef7b146a803c2457c98a7e) Importer(815301076,1909f56bfc062723c751e8b465ee728b)  -> (artifact id: 'e083c41b77e1ed02a72868c16752eeb0') in 0.100516 seconds
  Import took 0.103474 seconds .

========================================================================
Received Import Request.
  Time since last request: 56.029454 seconds.
  path: Assets/Art/GameObjects/player.png
  artifactKey: Guid(0e135a99c6ef7b146a803c2457c98a7e) Importer(815301076,1909f56bfc062723c751e8b465ee728b)
Start importing Assets/Art/GameObjects/player.png using Guid(0e135a99c6ef7b146a803c2457c98a7e) Importer(815301076,1909f56bfc062723c751e8b465ee728b)  -> (artifact id: '5418eb47639a289e7d841efdbeb38dba') in 0.014346 seconds
  Import took 0.017289 seconds .

========================================================================
Received Import Request.
  Time since last request: 21.374746 seconds.
  path: ProjectSettings/TagManager.asset
  artifactKey: Guid(00000000000000003000000000000000) Importer(815301076,1909f56bfc062723c751e8b465ee728b)
Start importing ProjectSettings/TagManager.asset using Guid(00000000000000003000000000000000) Importer(815301076,1909f56bfc062723c751e8b465ee728b)  -> (artifact id: '5ff736e781c9396eb3a9ebe5d00f0cbb') in 0.005278 seconds
  Import took 0.008791 seconds .

========================================================================
Received Import Request.
  Time since last request: 0.001800 seconds.
  path: ProjectSettings/TagManager.asset
  artifactKey: Guid(00000000000000003000000000000000) Importer(815301076,1909f56bfc062723c751e8b465ee728b)
Start importing ProjectSettings/TagManager.asset using Guid(00000000000000003000000000000000) Importer(815301076,1909f56bfc062723c751e8b465ee728b)  -> (artifact id: '5ff736e781c9396eb3a9ebe5d00f0cbb') in 0.003226 seconds
  Import took 0.006304 seconds .

========================================================================
Received Import Request.
  Time since last request: 53.502313 seconds.
  path: Assets/Scripts/DEBUG
  artifactKey: Guid(e65280799dd3e0f43874153f26e2f7e8) Importer(815301076,1909f56bfc062723c751e8b465ee728b)
Start importing Assets/Scripts/DEBUG using Guid(e65280799dd3e0f43874153f26e2f7e8) Importer(815301076,1909f56bfc062723c751e8b465ee728b)  -> (artifact id: '09078efb46c01424da027221fc97d6de') in 0.004845 seconds
  Import took 0.007839 seconds .

========================================================================
Received Prepare
Registering precompiled user dll's ...
Registered in 0.001092 seconds.
Begin MonoManager ReloadAssembly
Native extension for WindowsStandalone target not found
Native extension for WebGL target not found
Refreshing native plugins compatible for Editor in 0.44 ms, found 1 plugins.
Preloading 0 native plugins for Editor in 0.00 ms.
Mono: successfully reloaded assembly
- Completed reload, in  0.764 seconds
Platform modules already initialized, skipping
Refreshing native plugins compatible for Editor in 0.36 ms, found 1 plugins.
Preloading 0 native plugins for Editor in 0.00 ms.
Unloading 1841 Unused Serialized files (Serialized files now loaded: 0)
System memory in use before: 90.2 MB.
System memory in use after: 90.3 MB.

Unloading 10 unused Assets to reduce memory usage. Loaded Objects now: 2325.
Total: 2.126000 ms (FindLiveObjects: 0.251200 ms CreateObjectMapping: 0.078400 ms MarkObjects: 1.773900 ms  DeleteObjects: 0.020800 ms)

========================================================================
Received Import Request.
  Time since last request: 149.365544 seconds.
  path: Assets/Scripts/GameObject/TilePosition.cs
  artifactKey: Guid(f5171f2ad5a3c4e478b2285887200dd1) Importer(815301076,1909f56bfc062723c751e8b465ee728b)
Start importing Assets/Scripts/GameObject/TilePosition.cs using Guid(f5171f2ad5a3c4e478b2285887200dd1) Importer(815301076,1909f56bfc062723c751e8b465ee728b)  -> (artifact id: '965059f5e154ae66678325adc85a9d90') in 0.005137 seconds
  Import took 0.008057 seconds .

========================================================================
Received Import Request.
  Time since last request: 18.064000 seconds.
  path: Assets/Scripts/GameObject/PositionToGrid.cs
  artifactKey: Guid(79fbb0ed738ea6942acd4e91d931c98f) Importer(815301076,1909f56bfc062723c751e8b465ee728b)
Start importing Assets/Scripts/GameObject/PositionToGrid.cs using Guid(79fbb0ed738ea6942acd4e91d931c98f) Importer(815301076,1909f56bfc062723c751e8b465ee728b)  -> (artifact id: '38a71b408e28260ce4a56ddbc53b81df') in 0.003025 seconds
  Import took 0.005943 seconds .

========================================================================
Received Prepare
Registering precompiled user dll's ...
Registered in 0.001091 seconds.
Begin MonoManager ReloadAssembly
Native extension for WindowsStandalone target not found
Native extension for WebGL target not found
Refreshing native plugins compatible for Editor in 0.36 ms, found 1 plugins.
Preloading 0 native plugins for Editor in 0.00 ms.
Mono: successfully reloaded assembly
- Completed reload, in  0.795 seconds
Platform modules already initialized, skipping
Refreshing native plugins compatible for Editor in 0.41 ms, found 1 plugins.
Preloading 0 native plugins for Editor in 0.00 ms.
Unloading 1842 Unused Serialized files (Serialized files now loaded: 0)
System memory in use before: 90.2 MB.
System memory in use after: 90.3 MB.

Unloading 8 unused Assets to reduce memory usage. Loaded Objects now: 2329.
Total: 1.691400 ms (FindLiveObjects: 0.188500 ms CreateObjectMapping: 0.040400 ms MarkObjects: 1.444700 ms  DeleteObjects: 0.016400 ms)

========================================================================
Received Prepare
Registering precompiled user dll's ...
Registered in 0.001123 seconds.
Begin MonoManager ReloadAssembly
Native extension for WindowsStandalone target not found
Native extension for WebGL target not found
Refreshing native plugins compatible for Editor in 0.37 ms, found 1 plugins.
Preloading 0 native plugins for Editor in 0.00 ms.
Mono: successfully reloaded assembly
- Completed reload, in  0.767 seconds
Platform modules already initialized, skipping
Refreshing native plugins compatible for Editor in 0.36 ms, found 1 plugins.
Preloading 0 native plugins for Editor in 0.00 ms.
Unloading 1842 Unused Serialized files (Serialized files now loaded: 0)
System memory in use before: 90.2 MB.
System memory in use after: 90.3 MB.

Unloading 8 unused Assets to reduce memory usage. Loaded Objects now: 2332.
Total: 2.268200 ms (FindLiveObjects: 0.245600 ms CreateObjectMapping: 0.080400 ms MarkObjects: 1.922700 ms  DeleteObjects: 0.018100 ms)

========================================================================
Received Import Request.
  Time since last request: 236.825610 seconds.
  path: Assets/Scripts/GameObject/PositionToGrid.cs
  artifactKey: Guid(79fbb0ed738ea6942acd4e91d931c98f) Importer(815301076,1909f56bfc062723c751e8b465ee728b)
Start importing Assets/Scripts/GameObject/PositionToGrid.cs using Guid(79fbb0ed738ea6942acd4e91d931c98f) Importer(815301076,1909f56bfc062723c751e8b465ee728b)  -> (artifact id: '912bb366d047df2728bc6e15e9cd14c9') in 0.005593 seconds
  Import took 0.008422 seconds .

========================================================================
Received Prepare
Registering precompiled user dll's ...
Registered in 0.001041 seconds.
Begin MonoManager ReloadAssembly
Native extension for WindowsStandalone target not found
Native extension for WebGL target not found
Refreshing native plugins compatible for Editor in 0.39 ms, found 1 plugins.
Preloading 0 native plugins for Editor in 0.00 ms.
Mono: successfully reloaded assembly
- Completed reload, in  0.743 seconds
Platform modules already initialized, skipping
Refreshing native plugins compatible for Editor in 0.38 ms, found 1 plugins.
Preloading 0 native plugins for Editor in 0.00 ms.
Unloading 1842 Unused Serialized files (Serialized files now loaded: 0)
System memory in use before: 90.2 MB.
System memory in use after: 90.3 MB.

Unloading 8 unused Assets to reduce memory usage. Loaded Objects now: 2335.
Total: 2.031600 ms (FindLiveObjects: 0.215500 ms CreateObjectMapping: 0.044700 ms MarkObjects: 1.751000 ms  DeleteObjects: 0.019000 ms)

========================================================================
Received Prepare
Registering precompiled user dll's ...
Registered in 0.001416 seconds.
Begin MonoManager ReloadAssembly
Native extension for WindowsStandalone target not found
Native extension for WebGL target not found
Refreshing native plugins compatible for Editor in 0.52 ms, found 1 plugins.
Preloading 0 native plugins for Editor in 0.00 ms.
Mono: successfully reloaded assembly
- Completed reload, in  0.870 seconds
Platform modules already initialized, skipping
Refreshing native plugins compatible for Editor in 0.43 ms, found 1 plugins.
Preloading 0 native plugins for Editor in 0.00 ms.
Unloading 1842 Unused Serialized files (Serialized files now loaded: 0)
System memory in use before: 90.2 MB.
System memory in use after: 90.3 MB.

Unloading 8 unused Assets to reduce memory usage. Loaded Objects now: 2338.
Total: 2.326200 ms (FindLiveObjects: 0.283400 ms CreateObjectMapping: 0.064500 ms MarkObjects: 1.961400 ms  DeleteObjects: 0.015800 ms)

========================================================================
Received Prepare
Registering precompiled user dll's ...
Registered in 0.001070 seconds.
Begin MonoManager ReloadAssembly
Native extension for WindowsStandalone target not found
Native extension for WebGL target not found
Refreshing native plugins compatible for Editor in 0.36 ms, found 1 plugins.
Preloading 0 native plugins for Editor in 0.00 ms.
Mono: successfully reloaded assembly
- Completed reload, in  0.748 seconds
Platform modules already initialized, skipping
Refreshing native plugins compatible for Editor in 0.42 ms, found 1 plugins.
Preloading 0 native plugins for Editor in 0.00 ms.
Unloading 1842 Unused Serialized files (Serialized files now loaded: 0)
System memory in use before: 90.2 MB.
System memory in use after: 90.3 MB.

Unloading 8 unused Assets to reduce memory usage. Loaded Objects now: 2341.
Total: 2.031500 ms (FindLiveObjects: 0.223200 ms CreateObjectMapping: 0.043500 ms MarkObjects: 1.746300 ms  DeleteObjects: 0.017300 ms)

========================================================================
Received Prepare
Registering precompiled user dll's ...
Registered in 0.002083 seconds.
Begin MonoManager ReloadAssembly
Native extension for WindowsStandalone target not found
Native extension for WebGL target not found
Refreshing native plugins compatible for Editor in 0.51 ms, found 1 plugins.
Preloading 0 native plugins for Editor in 0.00 ms.
Mono: successfully reloaded assembly
- Completed reload, in  0.906 seconds
Platform modules already initialized, skipping
Refreshing native plugins compatible for Editor in 0.46 ms, found 1 plugins.
Preloading 0 native plugins for Editor in 0.00 ms.
Unloading 1842 Unused Serialized files (Serialized files now loaded: 0)
System memory in use before: 90.3 MB.
System memory in use after: 90.4 MB.

Unloading 8 unused Assets to reduce memory usage. Loaded Objects now: 2344.
Total: 3.343500 ms (FindLiveObjects: 0.578100 ms CreateObjectMapping: 0.226100 ms MarkObjects: 2.453000 ms  DeleteObjects: 0.015700 ms)

========================================================================
Received Prepare
Registering precompiled user dll's ...
Registered in 0.001110 seconds.
Begin MonoManager ReloadAssembly
Native extension for WindowsStandalone target not found
Native extension for WebGL target not found
Refreshing native plugins compatible for Editor in 0.38 ms, found 1 plugins.
Preloading 0 native plugins for Editor in 0.00 ms.
Mono: successfully reloaded assembly
- Completed reload, in  0.752 seconds
Platform modules already initialized, skipping
Refreshing native plugins compatible for Editor in 0.37 ms, found 1 plugins.
Preloading 0 native plugins for Editor in 0.00 ms.
Unloading 1842 Unused Serialized files (Serialized files now loaded: 0)
System memory in use before: 90.3 MB.
System memory in use after: 90.4 MB.

Unloading 8 unused Assets to reduce memory usage. Loaded Objects now: 2347.
Total: 2.465100 ms (FindLiveObjects: 0.200300 ms CreateObjectMapping: 0.041200 ms MarkObjects: 2.203700 ms  DeleteObjects: 0.018700 ms)

========================================================================
Received Prepare
Registering precompiled user dll's ...
Registered in 0.001031 seconds.
Begin MonoManager ReloadAssembly
Native extension for WindowsStandalone target not found
Native extension for WebGL target not found
Refreshing native plugins compatible for Editor in 0.50 ms, found 1 plugins.
Preloading 0 native plugins for Editor in 0.00 ms.
Mono: successfully reloaded assembly
- Completed reload, in  0.746 seconds
Platform modules already initialized, skipping
Refreshing native plugins compatible for Editor in 0.36 ms, found 1 plugins.
Preloading 0 native plugins for Editor in 0.00 ms.
Unloading 1842 Unused Serialized files (Serialized files now loaded: 0)
System memory in use before: 90.3 MB.
System memory in use after: 90.4 MB.

Unloading 8 unused Assets to reduce memory usage. Loaded Objects now: 2350.
Total: 1.983100 ms (FindLiveObjects: 0.329700 ms CreateObjectMapping: 0.114400 ms MarkObjects: 1.520900 ms  DeleteObjects: 0.016500 ms)

========================================================================
Received Prepare
Registering precompiled user dll's ...
Registered in 0.000983 seconds.
Begin MonoManager ReloadAssembly
Native extension for WindowsStandalone target not found
Native extension for WebGL target not found
Refreshing native plugins compatible for Editor in 0.45 ms, found 1 plugins.
Preloading 0 native plugins for Editor in 0.00 ms.
Mono: successfully reloaded assembly
- Completed reload, in  0.788 seconds
Platform modules already initialized, skipping
Refreshing native plugins compatible for Editor in 0.64 ms, found 1 plugins.
Preloading 0 native plugins for Editor in 0.00 ms.
Unloading 1842 Unused Serialized files (Serialized files now loaded: 0)
System memory in use before: 90.3 MB.
System memory in use after: 90.4 MB.

Unloading 8 unused Assets to reduce memory usage. Loaded Objects now: 2353.
Total: 2.562200 ms (FindLiveObjects: 0.203800 ms CreateObjectMapping: 0.042300 ms MarkObjects: 2.296800 ms  DeleteObjects: 0.018300 ms)

========================================================================
Received Prepare
Registering precompiled user dll's ...
Registered in 0.001102 seconds.
Begin MonoManager ReloadAssembly
Native extension for WindowsStandalone target not found
Native extension for WebGL target not found
Refreshing native plugins compatible for Editor in 0.40 ms, found 1 plugins.
Preloading 0 native plugins for Editor in 0.00 ms.
Mono: successfully reloaded assembly
- Completed reload, in  0.771 seconds
Platform modules already initialized, skipping
Refreshing native plugins compatible for Editor in 0.59 ms, found 1 plugins.
Preloading 0 native plugins for Editor in 0.00 ms.
Unloading 1842 Unused Serialized files (Serialized files now loaded: 0)
System memory in use before: 90.3 MB.
System memory in use after: 90.4 MB.

Unloading 8 unused Assets to reduce memory usage. Loaded Objects now: 2356.
Total: 1.947700 ms (FindLiveObjects: 0.202100 ms CreateObjectMapping: 0.038800 ms MarkObjects: 1.687200 ms  DeleteObjects: 0.018600 ms)

========================================================================
Received Prepare
Registering precompiled user dll's ...
Registered in 0.001508 seconds.
Begin MonoManager ReloadAssembly
Native extension for WindowsStandalone target not found
Native extension for WebGL target not found
Refreshing native plugins compatible for Editor in 0.39 ms, found 1 plugins.
Preloading 0 native plugins for Editor in 0.00 ms.
Mono: successfully reloaded assembly
- Completed reload, in  0.764 seconds
Platform modules already initialized, skipping
Refreshing native plugins compatible for Editor in 0.38 ms, found 1 plugins.
Preloading 0 native plugins for Editor in 0.00 ms.
Unloading 1842 Unused Serialized files (Serialized files now loaded: 0)
System memory in use before: 90.3 MB.
System memory in use after: 90.4 MB.

Unloading 8 unused Assets to reduce memory usage. Loaded Objects now: 2359.
Total: 2.500400 ms (FindLiveObjects: 0.207300 ms CreateObjectMapping: 0.043400 ms MarkObjects: 2.227800 ms  DeleteObjects: 0.020700 ms)

========================================================================
Received Prepare
Registering precompiled user dll's ...
Registered in 0.001497 seconds.
Begin MonoManager ReloadAssembly
Native extension for WindowsStandalone target not found
Native extension for WebGL target not found
Refreshing native plugins compatible for Editor in 0.37 ms, found 1 plugins.
Preloading 0 native plugins for Editor in 0.00 ms.
Mono: successfully reloaded assembly
- Completed reload, in  0.761 seconds
Platform modules already initialized, skipping
Refreshing native plugins compatible for Editor in 0.45 ms, found 1 plugins.
Preloading 0 native plugins for Editor in 0.00 ms.
Unloading 1842 Unused Serialized files (Serialized files now loaded: 0)
System memory in use before: 90.3 MB.
System memory in use after: 90.4 MB.

Unloading 8 unused Assets to reduce memory usage. Loaded Objects now: 2362.
Total: 2.209800 ms (FindLiveObjects: 0.321400 ms CreateObjectMapping: 0.043900 ms MarkObjects: 1.825500 ms  DeleteObjects: 0.017800 ms)

========================================================================
Received Import Request.
  Time since last request: 916.449114 seconds.
  path: Assets/Scripts/FollowObject.cs
  artifactKey: Guid(10d51ba9965915143a2b2b25e22ec299) Importer(815301076,1909f56bfc062723c751e8b465ee728b)
Start importing Assets/Scripts/FollowObject.cs using Guid(10d51ba9965915143a2b2b25e22ec299) Importer(815301076,1909f56bfc062723c751e8b465ee728b)  -> (artifact id: '195d44b2100020e11b81f37455548f92') in 0.006728 seconds
  Import took 0.009881 seconds .

========================================================================
Received Prepare
Registering precompiled user dll's ...
Registered in 0.001416 seconds.
Begin MonoManager ReloadAssembly
Native extension for WindowsStandalone target not found
Native extension for WebGL target not found
Refreshing native plugins compatible for Editor in 0.38 ms, found 1 plugins.
Preloading 0 native plugins for Editor in 0.00 ms.
Mono: successfully reloaded assembly
- Completed reload, in  0.807 seconds
Platform modules already initialized, skipping
Refreshing native plugins compatible for Editor in 0.36 ms, found 1 plugins.
Preloading 0 native plugins for Editor in 0.00 ms.
Unloading 1843 Unused Serialized files (Serialized files now loaded: 0)
System memory in use before: 90.3 MB.
System memory in use after: 90.4 MB.

Unloading 8 unused Assets to reduce memory usage. Loaded Objects now: 2366.
Total: 2.379300 ms (FindLiveObjects: 0.203100 ms CreateObjectMapping: 0.038500 ms MarkObjects: 2.116700 ms  DeleteObjects: 0.019900 ms)

========================================================================
Received Prepare
Registering precompiled user dll's ...
Registered in 0.000998 seconds.
Begin MonoManager ReloadAssembly
Native extension for WindowsStandalone target not found
Native extension for WebGL target not found
Refreshing native plugins compatible for Editor in 0.37 ms, found 1 plugins.
Preloading 0 native plugins for Editor in 0.00 ms.
Mono: successfully reloaded assembly
- Completed reload, in  0.754 seconds
Platform modules already initialized, skipping
Refreshing native plugins compatible for Editor in 0.41 ms, found 1 plugins.
Preloading 0 native plugins for Editor in 0.00 ms.
Unloading 1843 Unused Serialized files (Serialized files now loaded: 0)
System memory in use before: 90.3 MB.
System memory in use after: 90.4 MB.

Unloading 8 unused Assets to reduce memory usage. Loaded Objects now: 2369.
Total: 2.053600 ms (FindLiveObjects: 0.261500 ms CreateObjectMapping: 0.074700 ms MarkObjects: 1.697800 ms  DeleteObjects: 0.018100 ms)

========================================================================
Received Import Request.
  Time since last request: 60.866660 seconds.
  path: Assets/Scripts/FollowObject.cs
  artifactKey: Guid(10d51ba9965915143a2b2b25e22ec299) Importer(815301076,1909f56bfc062723c751e8b465ee728b)
Start importing Assets/Scripts/FollowObject.cs using Guid(10d51ba9965915143a2b2b25e22ec299) Importer(815301076,1909f56bfc062723c751e8b465ee728b)  -> (artifact id: 'd4f81e213e0fbe54b994c232bc47b59e') in 0.005587 seconds
  Import took 0.008468 seconds .

========================================================================
Received Prepare
Registering precompiled user dll's ...
Registered in 0.001041 seconds.
Begin MonoManager ReloadAssembly
Native extension for WindowsStandalone target not found
Native extension for WebGL target not found
Refreshing native plugins compatible for Editor in 0.38 ms, found 1 plugins.
Preloading 0 native plugins for Editor in 0.00 ms.
Mono: successfully reloaded assembly
- Completed reload, in  0.747 seconds
Platform modules already initialized, skipping
Refreshing native plugins compatible for Editor in 0.41 ms, found 1 plugins.
Preloading 0 native plugins for Editor in 0.00 ms.
Unloading 1843 Unused Serialized files (Serialized files now loaded: 0)
System memory in use before: 90.3 MB.
System memory in use after: 90.5 MB.

Unloading 8 unused Assets to reduce memory usage. Loaded Objects now: 2372.
Total: 2.177100 ms (FindLiveObjects: 0.239600 ms CreateObjectMapping: 0.043400 ms MarkObjects: 1.877600 ms  DeleteObjects: 0.015300 ms)

========================================================================
Received Prepare
Registering precompiled user dll's ...
Registered in 0.001100 seconds.
Begin MonoManager ReloadAssembly
Native extension for WindowsStandalone target not found
Native extension for WebGL target not found
Refreshing native plugins compatible for Editor in 0.38 ms, found 1 plugins.
Preloading 0 native plugins for Editor in 0.00 ms.
Mono: successfully reloaded assembly
- Completed reload, in  0.732 seconds
Platform modules already initialized, skipping
Refreshing native plugins compatible for Editor in 0.56 ms, found 1 plugins.
Preloading 0 native plugins for Editor in 0.00 ms.
Unloading 1843 Unused Serialized files (Serialized files now loaded: 0)
System memory in use before: 90.4 MB.
System memory in use after: 90.5 MB.

Unloading 8 unused Assets to reduce memory usage. Loaded Objects now: 2375.
Total: 2.228100 ms (FindLiveObjects: 0.225800 ms CreateObjectMapping: 0.040600 ms MarkObjects: 1.936000 ms  DeleteObjects: 0.024300 ms)

========================================================================
Received Prepare
Registering precompiled user dll's ...
Registered in 0.009982 seconds.
Begin MonoManager ReloadAssembly
Native extension for WindowsStandalone target not found
Native extension for WebGL target not found
Refreshing native plugins compatible for Editor in 0.75 ms, found 1 plugins.
Preloading 0 native plugins for Editor in 0.00 ms.
Mono: successfully reloaded assembly
- Completed reload, in  2.356 seconds
Platform modules already initialized, skipping
Refreshing native plugins compatible for Editor in 0.73 ms, found 1 plugins.
Preloading 0 native plugins for Editor in 0.00 ms.
Unloading 1843 Unused Serialized files (Serialized files now loaded: 0)
System memory in use before: 90.4 MB.
System memory in use after: 90.5 MB.

Unloading 8 unused Assets to reduce memory usage. Loaded Objects now: 2378.
Total: 4.619300 ms (FindLiveObjects: 0.341800 ms CreateObjectMapping: 0.115600 ms MarkObjects: 4.126600 ms  DeleteObjects: 0.032100 ms)

AssetImportWorkerClient::OnTransportError - code=2 error=End of file
